/*C290*/SET SCHEMA PUBLIC
ROLLBACK
DISCONNECT
/*C293*/SET SCHEMA PUBLIC
INSERT INTO USUARIO VALUES(7,'axavier@empresa.com.br','Adriano Xavier')
COMMIT
/*C292*/SET SCHEMA PUBLIC
DISCONNECT
/*C293*/DISCONNECT
/*C291*/SET SCHEMA PUBLIC
DISCONNECT
/*C294*/SET SCHEMA PUBLIC
DISCONNECT
/*C296*/SET SCHEMA PUBLIC
DISCONNECT
/*C295*/SET SCHEMA PUBLIC
DISCONNECT
/*C298*/SET SCHEMA PUBLIC
DISCONNECT
/*C299*/SET SCHEMA PUBLIC
DISCONNECT
/*C297*/SET SCHEMA PUBLIC
DISCONNECT
/*C302*/SET SCHEMA PUBLIC
DISCONNECT
/*C301*/SET SCHEMA PUBLIC
DISCONNECT
/*C300*/SET SCHEMA PUBLIC
DISCONNECT
/*C305*/SET SCHEMA PUBLIC
ROLLBACK
DISCONNECT
/*C306*/SET SCHEMA PUBLIC
DELETE FROM USUARIO WHERE ID=7
COMMIT
/*C303*/SET SCHEMA PUBLIC
DISCONNECT
/*C304*/SET SCHEMA PUBLIC
DISCONNECT
/*C306*/DISCONNECT
/*C309*/SET SCHEMA PUBLIC
DELETE FROM USUARIO WHERE ID=3
COMMIT
DISCONNECT
/*C308*/SET SCHEMA PUBLIC
DISCONNECT
/*C307*/SET SCHEMA PUBLIC
DISCONNECT
/*C312*/SET SCHEMA PUBLIC
INSERT INTO USUARIO VALUES(8,'axavier@empresa.com.br','Adriano Xavier')
COMMIT
DELETE FROM USUARIO WHERE ID=8
COMMIT
/*C311*/SET SCHEMA PUBLIC
DISCONNECT
/*C310*/SET SCHEMA PUBLIC
DISCONNECT
/*C312*/DISCONNECT
/*C315*/SET SCHEMA PUBLIC
DISCONNECT
/*C313*/SET SCHEMA PUBLIC
DISCONNECT
/*C314*/SET SCHEMA PUBLIC
DISCONNECT
/*C316*/SET SCHEMA PUBLIC
DISCONNECT
/*C317*/SET SCHEMA PUBLIC
DISCONNECT
/*C318*/SET SCHEMA PUBLIC
DISCONNECT
/*C320*/SET SCHEMA PUBLIC
DISCONNECT
/*C321*/SET SCHEMA PUBLIC
DISCONNECT
/*C319*/SET SCHEMA PUBLIC
DISCONNECT
